\BOOKMARK [1][-]{section.1}{\376\377\000A\000b\000s\000t\000r\000a\000c\000t}{}% 1
\BOOKMARK [1][-]{section.2}{\376\377\000N\000e\000a\000r\000\040\000I\000n\000f\000r\000a\000r\000e\000d\000\040\000S\000p\000e\000c\000t\000r\000o\000s\000c\000o\000p\000y\000\040\000\050\000N\000I\000R\000S\000\051}{}% 2
\BOOKMARK [1][-]{section.3}{\376\377\000L\000i\000q\000u\000i\000d\000\040\000C\000h\000r\000o\000m\000a\000t\000o\000g\000r\000a\000p\000h\000y\000\040\000M\000a\000s\000s\000\040\000S\000p\000e\000c\000t\000r\000o\000m\000e\000t\000r\000y}{}% 3
\BOOKMARK [1][-]{section.4}{\376\377\000R\000\040\000P\000r\000o\000g\000r\000a\000m\000m\000i\000n\000g}{}% 4
\BOOKMARK [1][-]{section.5}{\376\377\000M\000a\000c\000h\000i\000n\000e\000\040\000L\000e\000a\000r\000n\000i\000n\000g}{}% 5
\BOOKMARK [2][-]{subsection.5.1}{\376\377\000P\000a\000r\000t\000i\000a\000l\000\040\000L\000e\000a\000s\000t\000\040\000S\000q\000u\000a\000r\000e\000\040\000R\000e\000g\000r\000e\000s\000s\000i\000o\000n\000\040\000\050\000P\000L\000S\000R\000\051}{section.5}% 6
\BOOKMARK [2][-]{subsection.5.2}{\376\377\000R\000a\000n\000d\000o\000m\000\040\000F\000o\000r\000e\000s\000t\000\040\000\050\000R\000F\000\051}{section.5}% 7
\BOOKMARK [2][-]{subsection.5.3}{\376\377\000C\000o\000n\000v\000o\000l\000u\000t\000i\000o\000n\000a\000l\000\040\000N\000e\000u\000r\000a\000l\000\040\000N\000e\000t\000w\000o\000r\000k\000\040\000\050\000C\000N\000N\000\051}{section.5}% 8
\BOOKMARK [1][-]{section.6}{\376\377\000R\000\040\000T\000o\000o\000l\000b\000o\000x\000\040\000D\000e\000v\000e\000l\000o\000p\000m\000e\000n\000t}{}% 9
\BOOKMARK [2][-]{subsection.6.1}{\376\377\000T\000o\000o\000l\000b\000o\000x\000:\000\040\000n\000e\000a\000r\000s\000p\000e\000c\000t\000R\000a}{section.6}% 10
\BOOKMARK [2][-]{subsection.6.2}{\376\377\000F\000u\000n\000c\000t\000i\000o\000n\000s\000\040\000o\000f\000\040\000n\000e\000a\000r\000s\000p\000e\000c\000t\000R\000a}{section.6}% 11
\BOOKMARK [2][-]{subsection.6.3}{\376\377\000D\000e\000v\000e\000l\000o\000p\000m\000e\000n\000t\000\040\000p\000r\000o\000c\000e\000s\000s}{section.6}% 12
\BOOKMARK [2][-]{subsection.6.4}{\376\377\000U\000s\000a\000g\000e\000\040\000a\000n\000d\000\040\000I\000n\000t\000e\000g\000r\000a\000t\000i\000o\000n}{section.6}% 13
\BOOKMARK [2][-]{subsection.6.5}{\376\377\000C\000h\000a\000l\000l\000e\000n\000g\000e\000s\000\040\000a\000n\000d\000\040\000F\000u\000t\000u\000r\000e\000\040\000W\000o\000r\000k}{section.6}% 14
\BOOKMARK [1][-]{section.7}{\376\377\000C\000o\000n\000t\000r\000i\000b\000u\000t\000i\000o\000n\000s\000\040\000e\000l\000s\000e\000w\000h\000e\000r\000e}{}% 15
\BOOKMARK [1][-]{section.8}{\376\377\000H\000P\000C\000\040\000r\000u\000n\000s}{}% 16
\BOOKMARK [1][-]{section.9}{\376\377\000D\000a\000t\000a\000\040\000c\000h\000a\000r\000e\000c\000t\000e\000r\000e\000s\000t\000i\000c\000s}{}% 17
\BOOKMARK [1][-]{section.10}{\376\377\000B\000a\000s\000e\000l\000i\000n\000e\000\040\000M\000a\000c\000h\000i\000n\000e\000\040\000L\000e\000a\000r\000n\000i\000n\000g\000\040\000M\000o\000d\000e\000l\000s\000\040\000P\000a\000b\000l\000o}{}% 18
\BOOKMARK [2][-]{subsection.10.1}{\376\377\000V\000a\000r\000i\000a\000b\000l\000e\000\040\000i\000m\000p\000o\000r\000t\000a\000n\000c\000e}{section.10}% 19
\BOOKMARK [1][-]{section.11}{\376\377\000\040\000V\000a\000r\000i\000a\000t\000i\000o\000n\000s\000\040\000i\000n\000\040\000B\000a\000s\000e\000l\000i\000n\000e\000\040\000s\000y\000s\000t\000e\000m\000s}{}% 20
\BOOKMARK [2][-]{subsection.11.1}{\376\377\000\040\000m\000o\000d\000i\000f\000y\000i\000n\000g\000\040\000t\000h\000e\000\040\000T\000e\000s\000t\000\040\000a\000n\000d\000\040\000T\000r\000a\000i\000n\000i\000n\000g\000\040\000s\000p\000l\000i\000t}{section.11}% 21
\BOOKMARK [2][-]{subsection.11.2}{\376\377\000\040\000i\000n\000p\000u\000t\000\040\000d\000a\000t\000a\000\040\000l\000e\000n\000g\000t\000h}{section.11}% 22
\BOOKMARK [1][-]{section.12}{\376\377\000S\000u\000e\000s}{}% 23
